Determining if the pthread_create exist failed with the following output:
Change Dir: /home/quan/hri_ws/build/CMakeFiles/CMakeTmp

Run Build Command:/usr/bin/make "cmTryCompileExec1461616399/fast"
/usr/bin/make -f CMakeFiles/cmTryCompileExec1461616399.dir/build.make CMakeFiles/cmTryCompileExec1461616399.dir/build
make[1]: Entering directory `/home/quan/hri_ws/build/CMakeFiles/CMakeTmp'
/usr/bin/cmake -E cmake_progress_report /home/quan/hri_ws/build/CMakeFiles/CMakeTmp/CMakeFiles 1
Building C object CMakeFiles/cmTryCompileExec1461616399.dir/CheckSymbolExists.c.o
/usr/bin/cc    -o CMakeFiles/cmTryCompileExec1461616399.dir/CheckSymbolExists.c.o   -c /home/quan/hri_ws/build/CMakeFiles/CMakeTmp/CheckSymbolExists.c
Linking C executable cmTryCompileExec1461616399
/usr/bin/cmake -E cmake_link_script CMakeFiles/cmTryCompileExec1461616399.dir/link.txt --verbose=1
/usr/bin/cc       CMakeFiles/cmTryCompileExec1461616399.dir/CheckSymbolExists.c.o  -o cmTryCompileExec1461616399 -rdynamic 
CMakeFiles/cmTryCompileExec1461616399.dir/CheckSymbolExists.c.o: In function `main':
CheckSymbolExists.c:(.text+0x16): undefined reference to `pthread_create'
collect2: error: ld returned 1 exit status
make[1]: *** [cmTryCompileExec1461616399] Error 1
make[1]: Leaving directory `/home/quan/hri_ws/build/CMakeFiles/CMakeTmp'
make: *** [cmTryCompileExec1461616399/fast] Error 2

File /home/quan/hri_ws/build/CMakeFiles/CMakeTmp/CheckSymbolExists.c:
/* */
#include <pthread.h>

int main(int argc, char** argv)
{
  (void)argv;
#ifndef pthread_create
  return ((int*)(&pthread_create))[argc];
#else
  (void)argc;
  return 0;
#endif
}

Determining if the function pthread_create exists in the pthreads failed with the following output:
Change Dir: /home/quan/hri_ws/build/CMakeFiles/CMakeTmp

Run Build Command:/usr/bin/make "cmTryCompileExec2138334400/fast"
/usr/bin/make -f CMakeFiles/cmTryCompileExec2138334400.dir/build.make CMakeFiles/cmTryCompileExec2138334400.dir/build
make[1]: Entering directory `/home/quan/hri_ws/build/CMakeFiles/CMakeTmp'
/usr/bin/cmake -E cmake_progress_report /home/quan/hri_ws/build/CMakeFiles/CMakeTmp/CMakeFiles 1
Building C object CMakeFiles/cmTryCompileExec2138334400.dir/CheckFunctionExists.c.o
/usr/bin/cc   -DCHECK_FUNCTION_EXISTS=pthread_create   -o CMakeFiles/cmTryCompileExec2138334400.dir/CheckFunctionExists.c.o   -c /usr/share/cmake-2.8/Modules/CheckFunctionExists.c
Linking C executable cmTryCompileExec2138334400
/usr/bin/cmake -E cmake_link_script CMakeFiles/cmTryCompileExec2138334400.dir/link.txt --verbose=1
/usr/bin/cc   -DCHECK_FUNCTION_EXISTS=pthread_create    CMakeFiles/cmTryCompileExec2138334400.dir/CheckFunctionExists.c.o  -o cmTryCompileExec2138334400 -rdynamic -lpthreads 
/usr/bin/ld: cannot find -lpthreads
collect2: error: ld returned 1 exit status
make[1]: Leaving directory `/home/quan/hri_ws/build/CMakeFiles/CMakeTmp'
make[1]: *** [cmTryCompileExec2138334400] Error 1
make: *** [cmTryCompileExec2138334400/fast] Error 2


